<?xml version="1.0" encoding="utf-8"?><testsuites name="pytest tests"><testsuite name="pytest" errors="0" failures="0" skipped="0" tests="113" time="34.957" timestamp="2026-08-08T15:07:38.295745+08:00" hostname="DESKTOP-LBQEFJ4"><testcase classname="tests.integration.test_c2_c3_smoke_artifacts" name="test_saved_c2_smokes_are_complete_and_isolated" time="2.041" /><testcase classname="tests.integration.test_c2_c3_smoke_artifacts" name="test_saved_c3_smokes_have_exact_bags_and_protocols" time="2.482" /><testcase classname="tests.integration.test_c2_c3_smoke_artifacts" name="test_c0_c1_and_legacy_hashes_are_unchanged" time="0.320" /><testcase classname="tests.integration.test_c2_c3_smoke_artifacts" name="test_c2_c3_success_summaries_are_unchanged" time="0.018" /><testcase classname="tests.integration.test_c2_c3_smoke_artifacts" name="test_gaussian_seed_2026_pilot_saved_artifacts_pass" time="0.049" /><testcase classname="tests.integration.test_c2_c3_smoke_artifacts" name="test_gpu_blocked_pilots_did_not_fit_or_complete" time="0.058" /><testcase classname="tests.integration.test_c2_c3_smoke_artifacts" name="test_manifest_first_fixture_matches_existing_smoke_members" time="0.772" /><testcase classname="tests.integration.test_c2_c3_smoke_artifacts" name="test_manifest_first_bag_fixture_reuses_exact_smoke_members" time="0.028" /><testcase classname="tests.integration.test_governance_pipeline" name="test_unified_governance_pipeline_emits_linked_evidence" time="3.816" /><testcase classname="tests.integration.test_prepared_artifacts" name="test_real_dataset_prepare_to_card_integration[adult]" time="2.971" /><testcase classname="tests.integration.test_prepared_artifacts" name="test_real_dataset_prepare_to_card_integration[credit]" time="2.067" /><testcase classname="tests.integration.test_prepared_artifacts" name="test_saved_split_hash_matches_manifest[adult]" time="2.143" /><testcase classname="tests.integration.test_prepared_artifacts" name="test_saved_split_hash_matches_manifest[credit]" time="1.381" /><testcase classname="tests.unit.test_algorithm_runthrough" name="test_provenance_is_removed" time="0.003" /><testcase classname="tests.unit.test_algorithm_runthrough" name="test_serialization_is_deterministic_and_shuffle_seeded" time="0.003" /><testcase classname="tests.unit.test_algorithm_runthrough" name="test_gradient_reversal_sign" time="0.109" /><testcase classname="tests.unit.test_algorithm_runthrough" name="test_quantifier_formulas_and_bounds" time="0.039" /><testcase classname="tests.unit.test_algorithm_runthrough" name="test_quantifier_unstable_denominator_is_explicit" time="0.003" /><testcase classname="tests.unit.test_algorithm_runthrough" name="test_knn_shapley_matches_exhaustive" time="0.105" /><testcase classname="tests.unit.test_algorithm_runthrough" name="test_data_oob_has_coverage_and_only_oob_values" time="0.377" /><testcase classname="tests.unit.test_config" name="test_valid_config_passes" time="0.004" /><testcase classname="tests.unit.test_config" name="test_invalid_config_fails[&lt;lambda&gt;-sum to 1.0]" time="0.004" /><testcase classname="tests.unit.test_config" name="test_invalid_config_fails[&lt;lambda&gt;-duplicates]" time="0.004" /><testcase classname="tests.unit.test_config" name="test_invalid_config_fails[&lt;lambda&gt;-Unknown]" time="0.004" /><testcase classname="tests.unit.test_config" name="test_invalid_config_fails[&lt;lambda&gt;-[0, 1]]" time="0.003" /><testcase classname="tests.unit.test_deep_detector_device" name="test_deep_detector_cpu_roundtrip" time="8.361" /><testcase classname="tests.unit.test_formal_readiness" name="test_pilot_config_rejects_wrong_type_or_seed[smoke-2026]" time="0.050" /><testcase classname="tests.unit.test_formal_readiness" name="test_pilot_config_rejects_wrong_type_or_seed[formal-2026]" time="0.055" /><testcase classname="tests.unit.test_formal_readiness" name="test_pilot_config_rejects_wrong_type_or_seed[pilot-42]" time="0.058" /><testcase classname="tests.unit.test_formal_readiness" name="test_pilot_config_rejects_reduced_epochs" time="0.096" /><testcase classname="tests.unit.test_formal_readiness" name="test_quality_gate_blocks_single_class_and_tstr_failure" time="0.003" /><testcase classname="tests.unit.test_formal_readiness" name="test_quality_gate_accepts_structurally_valid_two_classes" time="0.002" /><testcase classname="tests.unit.test_formal_readiness" name="test_quality_gate_blocks_illegal_target_and_missing_artifact" time="0.002" /><testcase classname="tests.unit.test_formal_readiness" name="test_quality_gate_blocks_ineffective_cross_run_sampling_seed" time="0.003" /><testcase classname="tests.unit.test_formal_readiness" name="test_manifest_first_members_match_existing_constructor[real_only]" time="0.043" /><testcase classname="tests.unit.test_formal_readiness" name="test_manifest_first_members_match_existing_constructor[real_append]" time="0.045" /><testcase classname="tests.unit.test_formal_readiness" name="test_manifest_first_members_match_existing_constructor[synthetic_append]" time="0.053" /><testcase classname="tests.unit.test_formal_readiness" name="test_manifest_first_members_match_existing_constructor[synthetic_replace]" time="0.045" /><testcase classname="tests.unit.test_formal_readiness" name="test_manifest_first_default_does_not_materialize_features" time="0.038" /><testcase classname="tests.unit.test_formal_readiness" name="test_manifest_first_explicit_materialization_rebuilds" time="0.084" /><testcase classname="tests.unit.test_formal_readiness" name="test_artifact_manifest_and_complete_marker" time="0.117" /><testcase classname="tests.unit.test_formal_readiness" name="test_formal_aggregation_excludes_pilot_failed_and_incomplete" time="0.358" /><testcase classname="tests.unit.test_formal_readiness" name="test_gpu_blocked_record_never_calls_fit" time="0.318" /><testcase classname="tests.unit.test_formal_readiness" name="test_disk_preflight_fails_before_training" time="0.016" /><testcase classname="tests.unit.test_formal_readiness" name="test_new_sdv_loader_path" time="0.017" /><testcase classname="tests.unit.test_formal_readiness" name="test_legacy_sdv_loader_fallback" time="0.015" /><testcase classname="tests.unit.test_generators" name="test_generator_access_accepts_only_source_partition" time="0.006" /><testcase classname="tests.unit.test_generators" name="test_generator_access_rejects_forbidden_partition" time="0.005" /><testcase classname="tests.unit.test_generators" name="test_model_frame_removes_all_provenance" time="0.006" /><testcase classname="tests.unit.test_generators" name="test_generator_registry_and_unknown_error" time="0.004" /><testcase classname="tests.unit.test_generators" name="test_sample_seed_is_forwarded_to_sdv_internal_random_state" time="0.020" /><testcase classname="tests.unit.test_generators" name="test_pool_seed_derivation_is_stable_and_unique" time="0.003" /><testcase classname="tests.unit.test_generators" name="test_four_pool_ids_are_globally_disjoint_and_schema_ordered" time="0.039" /><testcase classname="tests.unit.test_generators" name="test_pool_validator_rejects_id_overlap" time="0.038" /><testcase classname="tests.unit.test_governance_config" name="test_governance_smoke_config_loads" time="0.071" /><testcase classname="tests.unit.test_governance_config" name="test_low_prevalence_rates_are_mandatory" time="0.005" /><testcase classname="tests.unit.test_governance_config" name="test_p4_rejects_table_or_generator_overlap" time="0.002" /><testcase classname="tests.unit.test_governance_config" name="test_registry_preflight_configuration_can_exist_before_data" time="0.063" /><testcase classname="tests.unit.test_governance_config" name="test_pilot_and_formal_freeze_the_same_protocol_matrix" time="0.104" /><testcase classname="tests.unit.test_governance_config" name="test_formal_contract_rejects_legacy_approximation" time="0.031" /><testcase classname="tests.unit.test_governance_config" name="test_formal_contract_requires_both_contamination_modes" time="0.029" /><testcase classname="tests.unit.test_governance_metrics" name="test_low_prevalence_false_positive_mass_can_dominate" time="0.003" /><testcase classname="tests.unit.test_governance_metrics" name="test_detection_metrics_include_calibration_and_operating_point" time="0.039" /><testcase classname="tests.unit.test_governance_metrics" name="test_artifact_features_have_schema_independent_columns" time="0.009" /><testcase classname="tests.unit.test_governance_metrics" name="test_cross_table_serialization_uses_native_schema_only" time="0.004" /><testcase classname="tests.unit.test_governance_metrics" name="test_kdey_recovers_a_separated_mixture" time="0.039" /><testcase classname="tests.unit.test_governance_mixtures" name="test_replace_contamination_preserves_budget_and_rate" time="0.013" /><testcase classname="tests.unit.test_governance_mixtures" name="test_append_contamination_preserves_real_budget_and_final_rate" time="0.012" /><testcase classname="tests.unit.test_governance_mixtures" name="test_append_rejects_undefined_full_contamination" time="0.005" /><testcase classname="tests.unit.test_governance_pools" name="test_shipped_pool_config_is_structurally_valid" time="0.022" /><testcase classname="tests.unit.test_governance_pools" name="test_pool_pilot_is_small_and_isolated_from_formal_artifacts" time="0.031" /><testcase classname="tests.unit.test_governance_pools" name="test_pool_builder_writes_atomic_registry_and_binary_target" time="0.639" /><testcase classname="tests.unit.test_governance_pools" name="test_abalone_archive_parser_freezes_stable_row_ids" time="0.385" /><testcase classname="tests.unit.test_ids_and_features" name="test_reloading_same_data_produces_same_ids" time="0.013" /><testcase classname="tests.unit.test_ids_and_features" name="test_duplicate_records_receive_unique_deterministic_ids" time="0.012" /><testcase classname="tests.unit.test_ids_and_features" name="test_metadata_and_target_do_not_enter_features" time="0.006" /><testcase classname="tests.unit.test_ids_and_features" name="test_processed_loader_preserves_numeric_category_codes_as_strings" time="0.050" /><testcase classname="tests.unit.test_mixing" name="test_half_up_rounding[101-0-0]" time="0.003" /><testcase classname="tests.unit.test_mixing" name="test_half_up_rounding[101-0.05-5]" time="0.002" /><testcase classname="tests.unit.test_mixing" name="test_half_up_rounding[101-0.1-10]" time="0.003" /><testcase classname="tests.unit.test_mixing" name="test_half_up_rounding[101-0.25-25]" time="0.002" /><testcase classname="tests.unit.test_mixing" name="test_half_up_rounding[101-0.5-51]" time="0.002" /><testcase classname="tests.unit.test_mixing" name="test_half_up_rounding[101-0.75-76]" time="0.002" /><testcase classname="tests.unit.test_mixing" name="test_half_up_rounding[101-1-101]" time="0.002" /><testcase classname="tests.unit.test_mixing" name="test_replace_keeps_size_and_boundaries" time="0.098" /><testcase classname="tests.unit.test_mixing" name="test_append_size_and_real_extra_requirement" time="0.061" /><testcase classname="tests.unit.test_mixing" name="test_mixture_is_deterministic_and_metadata_excluded" time="0.113" /><testcase classname="tests.unit.test_mixing" name="test_bag_has_exact_size_ratio_and_no_duplicates" time="0.025" /><testcase classname="tests.unit.test_mixing" name="test_bag_rebuild_is_repeatable" time="0.202" /><testcase classname="tests.unit.test_mixing" name="test_calibration_and_test_pools_are_disjoint" time="0.025" /><testcase classname="tests.unit.test_protocols" name="test_protocol_positive_examples[P1]" time="0.002" /><testcase classname="tests.unit.test_protocols" name="test_protocol_positive_examples[P2]" time="0.003" /><testcase classname="tests.unit.test_protocols" name="test_protocol_positive_examples[P3]" time="0.004" /><testcase classname="tests.unit.test_protocols" name="test_protocol_positive_examples[P4]" time="0.002" /><testcase classname="tests.unit.test_protocols" name="test_protocol_positive_examples[P5]" time="0.003" /><testcase classname="tests.unit.test_protocols" name="test_p5_is_excluded_from_p3_macro" time="0.001" /><testcase classname="tests.unit.test_protocols" name="test_record_leakage_is_rejected_for_every_protocol[P1]" time="0.002" /><testcase classname="tests.unit.test_protocols" name="test_record_leakage_is_rejected_for_every_protocol[P2]" time="0.002" /><testcase classname="tests.unit.test_protocols" name="test_record_leakage_is_rejected_for_every_protocol[P3]" time="0.002" /><testcase classname="tests.unit.test_protocols" name="test_record_leakage_is_rejected_for_every_protocol[P4]" time="0.002" /><testcase classname="tests.unit.test_protocols" name="test_record_leakage_is_rejected_for_every_protocol[P5]" time="0.002" /><testcase classname="tests.unit.test_protocols" name="test_p3_table_leakage_is_rejected" time="0.002" /><testcase classname="tests.unit.test_protocols" name="test_p4_generator_leakage_is_rejected" time="0.002" /><testcase classname="tests.unit.test_protocols" name="test_p5_domain_leakage_is_rejected" time="0.002" /><testcase classname="tests.unit.test_registry_and_manifest" name="test_unknown_schema_column_is_rejected" time="0.003" /><testcase classname="tests.unit.test_registry_and_manifest" name="test_manifest_missing_required_field_fails" time="0.002" /><testcase classname="tests.unit.test_registry_and_manifest" name="test_manifest_cannot_silently_overwrite" time="0.019" /><testcase classname="tests.unit.test_splits" name="test_same_seed_rebuilds_identical_split" time="0.037" /><testcase classname="tests.unit.test_splits" name="test_splits_are_disjoint_and_cover_all_rows" time="0.023" /><testcase classname="tests.unit.test_splits" name="test_split_sizes_follow_frozen_rule" time="0.024" /><testcase classname="tests.unit.test_splits" name="test_stratification_preserves_target_rate" time="0.024" /><testcase classname="tests.unit.test_splits" name="test_injected_overlap_is_rejected" time="0.022" /><testcase classname="tests.unit.test_splits" name="test_unknown_row_id_is_rejected" time="0.024" /></testsuite></testsuites>