<?xml version="1.0" encoding="utf-8"?><testsuites name="pytest tests"><testsuite name="pytest" errors="0" failures="0" skipped="0" tests="22" time="2.124" timestamp="2026-07-15T01:01:46.944118+08:00" hostname="DESKTOP-LBQEFJ4"><testcase classname="tests.integration.test_prepared_artifacts" name="test_real_dataset_prepare_to_card_integration[adult]" time="0.508" /><testcase classname="tests.integration.test_prepared_artifacts" name="test_real_dataset_prepare_to_card_integration[credit]" time="0.307" /><testcase classname="tests.integration.test_prepared_artifacts" name="test_saved_split_hash_matches_manifest[adult]" time="0.352" /><testcase classname="tests.integration.test_prepared_artifacts" name="test_saved_split_hash_matches_manifest[credit]" time="0.203" /><testcase classname="tests.unit.test_config" name="test_valid_config_passes" time="0.001" /><testcase classname="tests.unit.test_config" name="test_invalid_config_fails[&lt;lambda&gt;-sum to 1.0]" time="0.001" /><testcase classname="tests.unit.test_config" name="test_invalid_config_fails[&lt;lambda&gt;-duplicates]" time="0.001" /><testcase classname="tests.unit.test_config" name="test_invalid_config_fails[&lt;lambda&gt;-Unknown]" time="0.000" /><testcase classname="tests.unit.test_config" name="test_invalid_config_fails[&lt;lambda&gt;-[0, 1]]" time="0.000" /><testcase classname="tests.unit.test_ids_and_features" name="test_reloading_same_data_produces_same_ids" time="0.003" /><testcase classname="tests.unit.test_ids_and_features" name="test_duplicate_records_receive_unique_deterministic_ids" time="0.002" /><testcase classname="tests.unit.test_ids_and_features" name="test_metadata_and_target_do_not_enter_features" time="0.001" /><testcase classname="tests.unit.test_ids_and_features" name="test_processed_loader_preserves_numeric_category_codes_as_strings" time="0.010" /><testcase classname="tests.unit.test_registry_and_manifest" name="test_unknown_schema_column_is_rejected" time="0.000" /><testcase classname="tests.unit.test_registry_and_manifest" name="test_manifest_missing_required_field_fails" time="0.000" /><testcase classname="tests.unit.test_registry_and_manifest" name="test_manifest_cannot_silently_overwrite" time="0.003" /><testcase classname="tests.unit.test_splits" name="test_same_seed_rebuilds_identical_split" time="0.008" /><testcase classname="tests.unit.test_splits" name="test_splits_are_disjoint_and_cover_all_rows" time="0.004" /><testcase classname="tests.unit.test_splits" name="test_split_sizes_follow_frozen_rule" time="0.003" /><testcase classname="tests.unit.test_splits" name="test_stratification_preserves_target_rate" time="0.003" /><testcase classname="tests.unit.test_splits" name="test_injected_overlap_is_rejected" time="0.003" /><testcase classname="tests.unit.test_splits" name="test_unknown_row_id_is_rejected" time="0.003" /></testsuite></testsuites>