<?xml version="1.0" encoding="utf-8"?><testsuites name="pytest tests"><testsuite name="pytest" errors="0" failures="0" skipped="0" tests="59" time="6.451" timestamp="2026-07-15T01:46:15.276019+08:00" hostname="DESKTOP-LBQEFJ4"><testcase classname="tests.integration.test_c2_c3_smoke_artifacts" name="test_saved_c2_smokes_are_complete_and_isolated" time="0.286" /><testcase classname="tests.integration.test_c2_c3_smoke_artifacts" name="test_saved_c3_smokes_have_exact_bags_and_protocols" time="0.276" /><testcase classname="tests.integration.test_c2_c3_smoke_artifacts" name="test_c0_c1_and_legacy_hashes_are_unchanged" time="0.013" /><testcase classname="tests.integration.test_prepared_artifacts" name="test_real_dataset_prepare_to_card_integration[adult]" time="0.557" /><testcase classname="tests.integration.test_prepared_artifacts" name="test_real_dataset_prepare_to_card_integration[credit]" time="0.314" /><testcase classname="tests.integration.test_prepared_artifacts" name="test_saved_split_hash_matches_manifest[adult]" time="1.944" /><testcase classname="tests.integration.test_prepared_artifacts" name="test_saved_split_hash_matches_manifest[credit]" time="1.208" /><testcase classname="tests.unit.test_config" name="test_valid_config_passes" time="0.003" /><testcase classname="tests.unit.test_config" name="test_invalid_config_fails[&lt;lambda&gt;-sum to 1.0]" time="0.003" /><testcase classname="tests.unit.test_config" name="test_invalid_config_fails[&lt;lambda&gt;-duplicates]" time="0.004" /><testcase classname="tests.unit.test_config" name="test_invalid_config_fails[&lt;lambda&gt;-Unknown]" time="0.004" /><testcase classname="tests.unit.test_config" name="test_invalid_config_fails[&lt;lambda&gt;-[0, 1]]" time="0.003" /><testcase classname="tests.unit.test_generators" name="test_generator_access_accepts_only_source_partition" time="0.005" /><testcase classname="tests.unit.test_generators" name="test_generator_access_rejects_forbidden_partition" time="0.006" /><testcase classname="tests.unit.test_generators" name="test_model_frame_removes_all_provenance" time="0.006" /><testcase classname="tests.unit.test_generators" name="test_generator_registry_and_unknown_error" time="0.002" /><testcase classname="tests.unit.test_generators" name="test_pool_seed_derivation_is_stable_and_unique" time="0.002" /><testcase classname="tests.unit.test_generators" name="test_four_pool_ids_are_globally_disjoint_and_schema_ordered" time="0.032" /><testcase classname="tests.unit.test_generators" name="test_pool_validator_rejects_id_overlap" time="0.022" /><testcase classname="tests.unit.test_ids_and_features" name="test_reloading_same_data_produces_same_ids" time="0.012" /><testcase classname="tests.unit.test_ids_and_features" name="test_duplicate_records_receive_unique_deterministic_ids" time="0.013" /><testcase classname="tests.unit.test_ids_and_features" name="test_metadata_and_target_do_not_enter_features" time="0.009" /><testcase classname="tests.unit.test_ids_and_features" name="test_processed_loader_preserves_numeric_category_codes_as_strings" time="0.051" /><testcase classname="tests.unit.test_mixing" name="test_half_up_rounding[101-0-0]" time="0.003" /><testcase classname="tests.unit.test_mixing" name="test_half_up_rounding[101-0.05-5]" time="0.003" /><testcase classname="tests.unit.test_mixing" name="test_half_up_rounding[101-0.1-10]" time="0.003" /><testcase classname="tests.unit.test_mixing" name="test_half_up_rounding[101-0.25-25]" time="0.004" /><testcase classname="tests.unit.test_mixing" name="test_half_up_rounding[101-0.5-51]" time="0.004" /><testcase classname="tests.unit.test_mixing" name="test_half_up_rounding[101-0.75-76]" time="0.003" /><testcase classname="tests.unit.test_mixing" name="test_half_up_rounding[101-1-101]" time="0.003" /><testcase classname="tests.unit.test_mixing" name="test_replace_keeps_size_and_boundaries" time="0.130" /><testcase classname="tests.unit.test_mixing" name="test_append_size_and_real_extra_requirement" time="0.096" /><testcase classname="tests.unit.test_mixing" name="test_mixture_is_deterministic_and_metadata_excluded" time="0.149" /><testcase classname="tests.unit.test_mixing" name="test_bag_has_exact_size_ratio_and_no_duplicates" time="0.025" /><testcase classname="tests.unit.test_mixing" name="test_bag_rebuild_is_repeatable" time="0.244" /><testcase classname="tests.unit.test_mixing" name="test_calibration_and_test_pools_are_disjoint" time="0.026" /><testcase classname="tests.unit.test_protocols" name="test_protocol_positive_examples[P1]" time="0.002" /><testcase classname="tests.unit.test_protocols" name="test_protocol_positive_examples[P2]" time="0.003" /><testcase classname="tests.unit.test_protocols" name="test_protocol_positive_examples[P3]" time="0.002" /><testcase classname="tests.unit.test_protocols" name="test_protocol_positive_examples[P4]" time="0.003" /><testcase classname="tests.unit.test_protocols" name="test_protocol_positive_examples[P5]" time="0.003" /><testcase classname="tests.unit.test_protocols" name="test_p5_is_excluded_from_p3_macro" time="0.002" /><testcase classname="tests.unit.test_protocols" name="test_record_leakage_is_rejected_for_every_protocol[P1]" time="0.003" /><testcase classname="tests.unit.test_protocols" name="test_record_leakage_is_rejected_for_every_protocol[P2]" time="0.003" /><testcase classname="tests.unit.test_protocols" name="test_record_leakage_is_rejected_for_every_protocol[P3]" time="0.003" /><testcase classname="tests.unit.test_protocols" name="test_record_leakage_is_rejected_for_every_protocol[P4]" time="0.003" /><testcase classname="tests.unit.test_protocols" name="test_record_leakage_is_rejected_for_every_protocol[P5]" time="0.003" /><testcase classname="tests.unit.test_protocols" name="test_p3_table_leakage_is_rejected" time="0.002" /><testcase classname="tests.unit.test_protocols" name="test_p4_generator_leakage_is_rejected" time="0.002" /><testcase classname="tests.unit.test_protocols" name="test_p5_domain_leakage_is_rejected" time="0.002" /><testcase classname="tests.unit.test_registry_and_manifest" name="test_unknown_schema_column_is_rejected" time="0.002" /><testcase classname="tests.unit.test_registry_and_manifest" name="test_manifest_missing_required_field_fails" time="0.003" /><testcase classname="tests.unit.test_registry_and_manifest" name="test_manifest_cannot_silently_overwrite" time="0.020" /><testcase classname="tests.unit.test_splits" name="test_same_seed_rebuilds_identical_split" time="0.039" /><testcase classname="tests.unit.test_splits" name="test_splits_are_disjoint_and_cover_all_rows" time="0.026" /><testcase classname="tests.unit.test_splits" name="test_split_sizes_follow_frozen_rule" time="0.024" /><testcase classname="tests.unit.test_splits" name="test_stratification_preserves_target_rate" time="0.028" /><testcase classname="tests.unit.test_splits" name="test_injected_overlap_is_rejected" time="0.024" /><testcase classname="tests.unit.test_splits" name="test_unknown_row_id_is_rejected" time="0.022" /></testsuite></testsuites>